#
# There is insufficient memory for the Java Runtime Environment to continue.
# Native memory allocation (malloc) failed to allocate 65552 bytes for Chunk::new
# Possible reasons:
#   The system is out of physical RAM or swap space
#   The process is running with CompressedOops enabled, and the Java Heap may be blocking the growth of the native heap
# Possible solutions:
#   Reduce memory load on the system
#   Increase physical memory or swap space
#   Check if swap backing store is full
#   Decrease Java heap size (-Xmx/-Xms)
#   Decrease number of Java threads
#   Decrease Java thread stack sizes (-Xss)
#   Set larger code cache with -XX:ReservedCodeCacheSize=
#   JVM is running with Unscaled Compressed Oops mode in which the Java heap is
#     placed in the first 4GB address space. The Java Heap base address is the
#     maximum limit for the native heap growth. Please use -XX:HeapBaseMinAddress
#     to set the Java Heap base and to place the Java Heap above 4GB virtual address.
# This output file may be truncated or incomplete.
#
#  Out of Memory Error (allocation.cpp:389), pid=1980, tid=0x0000000000003fb0
#
# JRE version: Java(TM) SE Runtime Environment (8.0_212-b10) (build 1.8.0_212-b10)
# Java VM: Java HotSpot(TM) 64-Bit Server VM (25.212-b10 mixed mode windows-amd64 compressed oops)
# Failed to write core dump. Minidumps are not enabled by default on client versions of Windows
#

---------------  T H R E A D  ---------------

Current thread (0x00000000191ab800):  JavaThread "C2 CompilerThread2" daemon [_thread_in_native, id=16304, stack(0x0000000019b70000,0x0000000019c70000)]

Stack: [0x0000000019b70000,0x0000000019c70000]
[error occurred during error reporting (printing stack bounds), id 0xc0000005]

Native frames: (J=compiled Java code, j=interpreted, Vv=VM code, C=native code)


Current CompileTask:
C2:   6175 1491       4       java.net.URLClassLoader$1::run (5 bytes)


---------------  P R O C E S S  ---------------

Java Threads: ( => current thread )
  0x000000001a812000 JavaThread "Cache worker for file hash cache (C:\Users\Administrator\.gradle\caches\6.1.1\fileHashes)" [_thread_blocked, id=30652, stack(0x000000001da30000,0x000000001db30000)]
  0x000000001a811800 JavaThread "File lock request listener" [_thread_in_native, id=14972, stack(0x000000001d930000,0x000000001da30000)]
  0x000000001a810000 JavaThread "Cache worker for journal cache (C:\Users\Administrator\.gradle\caches\journal-1)" [_thread_blocked, id=29704, stack(0x000000001d830000,0x000000001d930000)]
  0x0000000019288800 JavaThread "Thread-9" [_thread_blocked, id=20912, stack(0x000000001d530000,0x000000001d630000)]
  0x000000001ac21800 JavaThread "Stdin handler" [_thread_blocked, id=30324, stack(0x000000001d430000,0x000000001d530000)]
  0x000000001a639000 JavaThread "Asynchronous log dispatcher for DefaultDaemonConnection: socket connection from /127.0.0.1:58512 to /127.0.0.1:58513" [_thread_blocked, id=31040, stack(0x000000001d330000,0x000000001d430000)]
  0x000000001aab4800 JavaThread "Daemon worker" [_thread_in_vm, id=21108, stack(0x000000001d230000,0x000000001d330000)]
  0x000000001a638000 JavaThread "Cancel handler" [_thread_blocked, id=27820, stack(0x000000001d130000,0x000000001d230000)]
  0x000000001ab93000 JavaThread "Handler for socket connection from /127.0.0.1:58512 to /127.0.0.1:58513" [_thread_in_native, id=1148, stack(0x000000001d030000,0x000000001d130000)]
  0x000000001b3d8800 JavaThread "Daemon" [_thread_blocked, id=8212, stack(0x000000001cf30000,0x000000001d030000)]
  0x000000001b365000 JavaThread "Daemon periodic checks" [_thread_blocked, id=30260, stack(0x000000001ce30000,0x000000001cf30000)]
  0x000000001a750000 JavaThread "Incoming local TCP Connector on port 58512" [_thread_in_native, id=28248, stack(0x000000001ca30000,0x000000001cb30000)]
  0x00000000192c9000 JavaThread "Daemon health stats" [_thread_blocked, id=20676, stack(0x000000001c710000,0x000000001c810000)]
  0x0000000019247000 JavaThread "Service Thread" daemon [_thread_blocked, id=30124, stack(0x0000000019d70000,0x0000000019e70000)]
  0x00000000191b1000 JavaThread "C1 CompilerThread3" daemon [_thread_blocked, id=27600, stack(0x0000000019c70000,0x0000000019d70000)]
=>0x00000000191ab800 JavaThread "C2 CompilerThread2" daemon [_thread_in_native, id=16304, stack(0x0000000019b70000,0x0000000019c70000)]
  0x00000000191a5000 JavaThread "C2 CompilerThread1" daemon [_thread_blocked, id=19000, stack(0x0000000019a70000,0x0000000019b70000)]
  0x00000000191a2800 JavaThread "C2 CompilerThread0" daemon [_thread_blocked, id=29252, stack(0x0000000019970000,0x0000000019a70000)]
  0x0000000019138000 JavaThread "Attach Listener" daemon [_thread_blocked, id=3180, stack(0x0000000019870000,0x0000000019970000)]
  0x000000001914d800 JavaThread "Signal Dispatcher" daemon [_thread_blocked, id=19532, stack(0x0000000019770000,0x0000000019870000)]
  0x000000000357c800 JavaThread "Finalizer" daemon [_thread_blocked, id=31368, stack(0x0000000019610000,0x0000000019710000)]
  0x0000000019130800 JavaThread "Reference Handler" daemon [_thread_blocked, id=7352, stack(0x0000000019510000,0x0000000019610000)]
  0x0000000002f7d800 JavaThread "main" [_thread_blocked, id=27712, stack(0x0000000003380000,0x0000000003480000)]

Other Threads:
  0x0000000017338800 VMThread [stack: 0x0000000019010000,0x0000000019110000] [id=31556]
  0x0000000019250800 WatcherThread [stack: 0x0000000019e70000,0x0000000019f70000] [id=15008]

VM state:not at safepoint (normal execution)

VM Mutex/Monitor currently owned by a thread: None

heap address: 0x00000000a0000000, size: 1536 MB, Compressed Oops mode: 32-bit
Narrow klass base: 0x0000000000000000, Narrow klass shift: 3
Compressed class space size: 1073741824 Address: 0x0000000100000000

Heap:
 PSYoungGen      total 38400K, used 19629K [0x00000000e0000000, 0x00000000e3200000, 0x0000000100000000)
  eden space 33280K, 47% used [0x00000000e0000000,0x00000000e0f6a980,0x00000000e2080000)
  from space 5120K, 75% used [0x00000000e2580000,0x00000000e2940dc0,0x00000000e2a80000)
  to   space 5120K, 0% used [0x00000000e2080000,0x00000000e2080000,0x00000000e2580000)
 ParOldGen       total 66560K, used 5406K [0x00000000a0000000, 0x00000000a4100000, 0x00000000e0000000)
  object space 66560K, 8% used [0x00000000a0000000,0x00000000a0547878,0x00000000a4100000)
 Metaspace       used 15724K, capacity 16164K, committed 16384K, reserved 1064960K
  class space    used 2170K, capacity 2288K, committed 2304K, reserved 1048576K

Card table byte_map: [0x0000000012940000,0x0000000012c50000] byte_map_base: 0x0000000012440000

Marking Bits: (ParMarkBitMap*) 0x0000000076685ce0
 Begin Bits: [0x0000000013650000, 0x0000000014e50000)
 End Bits:   [0x0000000014e50000, 0x0000000016650000)

Polling page: 0x0000000002f40000

CodeCache: size=245760Kb used=5403Kb max_used=5403Kb free=240357Kb
 bounds [0x0000000003580000, 0x0000000003ad0000, 0x0000000012580000]
 total_blobs=1912 nmethods=1517 adapters=307
 compilation: enabled

Compilation events (10 events):
Event: 6.144 Thread 0x00000000191b1000 1512   !   3       org.gradle.internal.service.MethodHandleBasedServiceMethodFactory::toServiceMethod (51 bytes)
Event: 6.145 Thread 0x00000000191b1000 nmethod 1512 0x0000000003ac0090 code [0x0000000003ac0320, 0x0000000003ac1508]
Event: 6.145 Thread 0x00000000191b1000 1513       3       java.lang.reflect.Method::getGenericParameterTypes (5 bytes)
Event: 6.150 Thread 0x00000000191b1000 nmethod 1513 0x0000000003ac1f10 code [0x0000000003ac2140, 0x0000000003ac2ea8]
Event: 6.150 Thread 0x00000000191b1000 1514       3       java.lang.reflect.Executable::getGenericParameterTypes (20 bytes)
Event: 6.151 Thread 0x00000000191b1000 nmethod 1514 0x0000000003ac3810 code [0x0000000003ac39a0, 0x0000000003ac3e18]
Event: 6.151 Thread 0x00000000191b1000 1515       3       java.lang.reflect.Method::hasGenericInformation (13 bytes)
Event: 6.151 Thread 0x00000000191b1000 nmethod 1515 0x0000000003ac3f10 code [0x0000000003ac4060, 0x0000000003ac4230]
Event: 6.151 Thread 0x00000000191b1000 1517       1       org.gradle.internal.service.AbstractServiceMethod::getParameterTypes (5 bytes)
Event: 6.151 Thread 0x00000000191b1000 nmethod 1517 0x0000000003ac4290 code [0x0000000003ac43e0, 0x0000000003ac44f0]

GC Heap History (10 events):
Event: 2.419 GC heap before
{Heap before GC invocations=1 (full 0):
 PSYoungGen      total 38400K, used 33280K [0x00000000e0000000, 0x00000000e2a80000, 0x0000000100000000)
  eden space 33280K, 100% used [0x00000000e0000000,0x00000000e2080000,0x00000000e2080000)
  from space 5120K, 0% used [0x00000000e2580000,0x00000000e2580000,0x00000000e2a80000)
  to   space 5120K, 0% used [0x00000000e2080000,0x00000000e2080000,0x00000000e2580000)
 ParOldGen       total 87552K, used 0K [0x00000000a0000000, 0x00000000a5580000, 0x00000000e0000000)
  object space 87552K, 0% used [0x00000000a0000000,0x00000000a0000000,0x00000000a5580000)
 Metaspace       used 7489K, capacity 7770K, committed 8064K, reserved 1056768K
  class space    used 946K, capacity 1034K, committed 1152K, reserved 1048576K
Event: 2.423 GC heap after
Heap after GC invocations=1 (full 0):
 PSYoungGen      total 38400K, used 4793K [0x00000000e0000000, 0x00000000e2a80000, 0x0000000100000000)
  eden space 33280K, 0% used [0x00000000e0000000,0x00000000e0000000,0x00000000e2080000)
  from space 5120K, 93% used [0x00000000e2080000,0x00000000e252e598,0x00000000e2580000)
  to   space 5120K, 0% used [0x00000000e2580000,0x00000000e2580000,0x00000000e2a80000)
 ParOldGen       total 87552K, used 16K [0x00000000a0000000, 0x00000000a5580000, 0x00000000e0000000)
  object space 87552K, 0% used [0x00000000a0000000,0x00000000a0004000,0x00000000a5580000)
 Metaspace       used 7489K, capacity 7770K, committed 8064K, reserved 1056768K
  class space    used 946K, capacity 1034K, committed 1152K, reserved 1048576K
}
Event: 2.902 GC heap before
{Heap before GC invocations=2 (full 0):
 PSYoungGen      total 38400K, used 38073K [0x00000000e0000000, 0x00000000e2a80000, 0x0000000100000000)
  eden space 33280K, 100% used [0x00000000e0000000,0x00000000e2080000,0x00000000e2080000)
  from space 5120K, 93% used [0x00000000e2080000,0x00000000e252e598,0x00000000e2580000)
  to   space 5120K, 0% used [0x00000000e2580000,0x00000000e2580000,0x00000000e2a80000)
 ParOldGen       total 87552K, used 16K [0x00000000a0000000, 0x00000000a5580000, 0x00000000e0000000)
  object space 87552K, 0% used [0x00000000a0000000,0x00000000a0004000,0x00000000a5580000)
 Metaspace       used 7733K, capacity 8018K, committed 8320K, reserved 1056768K
  class space    used 978K, capacity 1074K, committed 1152K, reserved 1048576K
Event: 2.906 GC heap after
Heap after GC invocations=2 (full 0):
 PSYoungGen      total 38400K, used 3749K [0x00000000e0000000, 0x00000000e2a80000, 0x0000000100000000)
  eden space 33280K, 0% used [0x00000000e0000000,0x00000000e0000000,0x00000000e2080000)
  from space 5120K, 73% used [0x00000000e2580000,0x00000000e29297a0,0x00000000e2a80000)
  to   space 5120K, 0% used [0x00000000e2080000,0x00000000e2080000,0x00000000e2580000)
 ParOldGen       total 87552K, used 24K [0x00000000a0000000, 0x00000000a5580000, 0x00000000e0000000)
  object space 87552K, 0% used [0x00000000a0000000,0x00000000a0006000,0x00000000a5580000)
 Metaspace       used 7733K, capacity 8018K, committed 8320K, reserved 1056768K
  class space    used 978K, capacity 1074K, committed 1152K, reserved 1048576K
}
Event: 4.860 GC heap before
{Heap before GC invocations=3 (full 0):
 PSYoungGen      total 38400K, used 28516K [0x00000000e0000000, 0x00000000e2a80000, 0x0000000100000000)
  eden space 33280K, 74% used [0x00000000e0000000,0x00000000e182fa30,0x00000000e2080000)
  from space 5120K, 73% used [0x00000000e2580000,0x00000000e29297a0,0x00000000e2a80000)
  to   space 5120K, 0% used [0x00000000e2080000,0x00000000e2080000,0x00000000e2580000)
 ParOldGen       total 87552K, used 24K [0x00000000a0000000, 0x00000000a5580000, 0x00000000e0000000)
  object space 87552K, 0% used [0x00000000a0000000,0x00000000a0006000,0x00000000a5580000)
 Metaspace       used 10743K, capacity 10978K, committed 11136K, reserved 1062912K
  class space    used 1459K, capacity 1573K, committed 1664K, reserved 1048576K
Event: 4.871 GC heap after
Heap after GC invocations=3 (full 0):
 PSYoungGen      total 38400K, used 5112K [0x00000000e0000000, 0x00000000e2a80000, 0x0000000100000000)
  eden space 33280K, 0% used [0x00000000e0000000,0x00000000e0000000,0x00000000e2080000)
  from space 5120K, 99% used [0x00000000e2080000,0x00000000e257e030,0x00000000e2580000)
  to   space 5120K, 0% used [0x00000000e2580000,0x00000000e2580000,0x00000000e2a80000)
 ParOldGen       total 87552K, used 508K [0x00000000a0000000, 0x00000000a5580000, 0x00000000e0000000)
  object space 87552K, 0% used [0x00000000a0000000,0x00000000a007f348,0x00000000a5580000)
 Metaspace       used 10743K, capacity 10978K, committed 11136K, reserved 1062912K
  class space    used 1459K, capacity 1573K, committed 1664K, reserved 1048576K
}
Event: 4.871 GC heap before
{Heap before GC invocations=4 (full 1):
 PSYoungGen      total 38400K, used 5112K [0x00000000e0000000, 0x00000000e2a80000, 0x0000000100000000)
  eden space 33280K, 0% used [0x00000000e0000000,0x00000000e0000000,0x00000000e2080000)
  from space 5120K, 99% used [0x00000000e2080000,0x00000000e257e030,0x00000000e2580000)
  to   space 5120K, 0% used [0x00000000e2580000,0x00000000e2580000,0x00000000e2a80000)
 ParOldGen       total 87552K, used 508K [0x00000000a0000000, 0x00000000a5580000, 0x00000000e0000000)
  object space 87552K, 0% used [0x00000000a0000000,0x00000000a007f348,0x00000000a5580000)
 Metaspace       used 10743K, capacity 10978K, committed 11136K, reserved 1062912K
  class space    used 1459K, capacity 1573K, committed 1664K, reserved 1048576K
Event: 4.969 GC heap after
Heap after GC invocations=4 (full 1):
 PSYoungGen      total 38400K, used 0K [0x00000000e0000000, 0x00000000e2a80000, 0x0000000100000000)
  eden space 33280K, 0% used [0x00000000e0000000,0x00000000e0000000,0x00000000e2080000)
  from space 5120K, 0% used [0x00000000e2080000,0x00000000e2080000,0x00000000e2580000)
  to   space 5120K, 0% used [0x00000000e2580000,0x00000000e2580000,0x00000000e2a80000)
 ParOldGen       total 66560K, used 5398K [0x00000000a0000000, 0x00000000a4100000, 0x00000000e0000000)
  object space 66560K, 8% used [0x00000000a0000000,0x00000000a0545878,0x00000000a4100000)
 Metaspace       used 10743K, capacity 10978K, committed 11136K, reserved 1060864K
  class space    used 1459K, capacity 1573K, committed 1664K, reserved 1048576K
}
Event: 5.910 GC heap before
{Heap before GC invocations=5 (full 1):
 PSYoungGen      total 38400K, used 33280K [0x00000000e0000000, 0x00000000e2a80000, 0x0000000100000000)
  eden space 33280K, 100% used [0x00000000e0000000,0x00000000e2080000,0x00000000e2080000)
  from space 5120K, 0% used [0x00000000e2080000,0x00000000e2080000,0x00000000e2580000)
  to   space 5120K, 0% used [0x00000000e2580000,0x00000000e2580000,0x00000000e2a80000)
 ParOldGen       total 66560K, used 5398K [0x00000000a0000000, 0x00000000a4100000, 0x00000000e0000000)
  object space 66560K, 8% used [0x00000000a0000000,0x00000000a0545878,0x00000000a4100000)
 Metaspace       used 14275K, capacity 14748K, committed 14976K, reserved 1062912K
  class space    used 1998K, capacity 2158K, committed 2176K, reserved 1048576K
Event: 5.918 GC heap after
Heap after GC invocations=5 (full 1):
 PSYoungGen      total 38400K, used 3843K [0x00000000e0000000, 0x00000000e3200000, 0x0000000100000000)
  eden space 33280K, 0% used [0x00000000e0000000,0x00000000e0000000,0x00000000e2080000)
  from space 5120K, 75% used [0x00000000e2580000,0x00000000e2940dc0,0x00000000e2a80000)
  to   space 5120K, 0% used [0x00000000e2080000,0x00000000e2080000,0x00000000e2580000)
 ParOldGen       total 66560K, used 5406K [0x00000000a0000000, 0x00000000a4100000, 0x00000000e0000000)
  object space 66560K, 8% used [0x00000000a0000000,0x00000000a0547878,0x00000000a4100000)
 Metaspace       used 14275K, capacity 14748K, committed 14976K, reserved 1062912K
  class space    used 1998K, capacity 2158K, committed 2176K, reserved 1048576K
}

Deoptimization events (10 events):
Event: 5.387 Thread 0x000000001ab93000 Uncommon trap: reason=unstable_if action=reinterpret pc=0x00000000039827e8 method=java.util.concurrent.ConcurrentHashMap.putVal(Ljava/lang/Object;Ljava/lang/Object;Z)Ljava/lang/Object; @ 206
Event: 5.438 Thread 0x000000001ab93000 Uncommon trap: reason=unstable_if action=reinterpret pc=0x00000000038ae594 method=java.lang.String.substring(I)Ljava/lang/String; @ 35
Event: 5.491 Thread 0x000000001aab4800 Uncommon trap: reason=bimorphic action=maybe_recompile pc=0x00000000037fd3cc method=java.util.HashMap.putVal(ILjava/lang/Object;Ljava/lang/Object;ZZ)Ljava/lang/Object; @ 253
Event: 5.491 Thread 0x000000001aab4800 Uncommon trap: reason=bimorphic action=maybe_recompile pc=0x00000000037fd3cc method=java.util.HashMap.putVal(ILjava/lang/Object;Ljava/lang/Object;ZZ)Ljava/lang/Object; @ 253
Event: 5.491 Thread 0x000000001aab4800 Uncommon trap: reason=bimorphic action=maybe_recompile pc=0x00000000037fd3cc method=java.util.HashMap.putVal(ILjava/lang/Object;Ljava/lang/Object;ZZ)Ljava/lang/Object; @ 253
Event: 5.491 Thread 0x000000001aab4800 Uncommon trap: reason=bimorphic action=maybe_recompile pc=0x00000000037f152c method=java.util.HashMap.putVal(ILjava/lang/Object;Ljava/lang/Object;ZZ)Ljava/lang/Object; @ 253
Event: 5.835 Thread 0x000000001aab4800 Uncommon trap: reason=class_check action=maybe_recompile pc=0x00000000038ba498 method=java.util.regex.Matcher.match(II)Z @ 86
Event: 5.836 Thread 0x000000001aab4800 Uncommon trap: reason=class_check action=maybe_recompile pc=0x00000000038ba498 method=java.util.regex.Matcher.match(II)Z @ 86
Event: 5.837 Thread 0x000000001aab4800 Uncommon trap: reason=class_check action=maybe_recompile pc=0x00000000038ba498 method=java.util.regex.Matcher.match(II)Z @ 86
Event: 5.837 Thread 0x000000001aab4800 Uncommon trap: reason=class_check action=maybe_recompile pc=0x000000000373781c method=java.util.regex.Matcher.match(II)Z @ 86

Classes redefined (0 events):
No events

Internal exceptions (10 events):
Event: 5.398 Thread 0x000000001ab93000 Exception <a 'java/lang/NoSuchMethodError': <clinit>> (0x00000000e0462720) thrown at [C:\re\workspace\8-2-build-windows-amd64-cygwin\jdk8u212\12974\hotspot\src\share\vm\prims\jni.cpp, line 1614]
Event: 5.406 Thread 0x000000001ab93000 Exception <a 'java/lang/NoSuchMethodError': <clinit>> (0x00000000e04759d8) thrown at [C:\re\workspace\8-2-build-windows-amd64-cygwin\jdk8u212\12974\hotspot\src\share\vm\prims\jni.cpp, line 1614]
Event: 5.414 Thread 0x000000001ab93000 Exception <a 'java/lang/NoSuchMethodError': <clinit>> (0x00000000e049cfd8) thrown at [C:\re\workspace\8-2-build-windows-amd64-cygwin\jdk8u212\12974\hotspot\src\share\vm\prims\jni.cpp, line 1614]
Event: 5.419 Thread 0x000000001ab93000 Exception <a 'java/lang/NoSuchMethodError': <clinit>> (0x00000000e04b5270) thrown at [C:\re\workspace\8-2-build-windows-amd64-cygwin\jdk8u212\12974\hotspot\src\share\vm\prims\jni.cpp, line 1614]
Event: 5.422 Thread 0x000000001ab93000 Exception <a 'java/lang/NoSuchMethodError': <clinit>> (0x00000000e04bdf00) thrown at [C:\re\workspace\8-2-build-windows-amd64-cygwin\jdk8u212\12974\hotspot\src\share\vm\prims\jni.cpp, line 1614]
Event: 5.430 Thread 0x000000001ab93000 Exception <a 'java/lang/NoSuchMethodError': <clinit>> (0x00000000e04d4730) thrown at [C:\re\workspace\8-2-build-windows-amd64-cygwin\jdk8u212\12974\hotspot\src\share\vm\prims\jni.cpp, line 1614]
Event: 5.442 Thread 0x000000001ab93000 Exception <a 'java/lang/NoSuchMethodError': <clinit>> (0x00000000e053d908) thrown at [C:\re\workspace\8-2-build-windows-amd64-cygwin\jdk8u212\12974\hotspot\src\share\vm\prims\jni.cpp, line 1614]
Event: 5.446 Thread 0x000000001ab93000 Exception <a 'java/lang/NoSuchMethodError': <clinit>> (0x00000000e056adb0) thrown at [C:\re\workspace\8-2-build-windows-amd64-cygwin\jdk8u212\12974\hotspot\src\share\vm\prims\jni.cpp, line 1614]
Event: 5.452 Thread 0x000000001ab93000 Exception <a 'java/lang/NoSuchMethodError': <clinit>> (0x00000000e059ac88) thrown at [C:\re\workspace\8-2-build-windows-amd64-cygwin\jdk8u212\12974\hotspot\src\share\vm\prims\jni.cpp, line 1614]
Event: 5.453 Thread 0x000000001ab93000 Exception <a 'java/lang/NoSuchMethodError': <clinit>> (0x00000000e05a5f88) thrown at [C:\re\workspace\8-2-build-windows-amd64-cygwin\jdk8u212\12974\hotspot\src\share\vm\prims\jni.cpp, line 1614]

Events (10 events):
Event: 6.151 loading class org/gradle/internal/authentication/AbstractAuthentication
Event: 6.151 loading class org/gradle/internal/authentication/AbstractAuthentication done
Event: 6.152 loading class org/gradle/internal/authentication/AuthenticationInternal
Event: 6.152 loading class org/gradle/internal/authentication/AuthenticationInternal done
Event: 6.152 loading class org/gradle/authentication/http/DigestAuthentication
Event: 6.152 loading class org/gradle/authentication/http/DigestAuthentication done
Event: 6.154 loading class org/gradle/internal/authentication/DefaultDigestAuthentication
Event: 6.154 loading class org/gradle/internal/authentication/DefaultDigestAuthentication done
Event: 6.158 loading class org/gradle/authentication/http/HttpHeaderAuthentication
Event: 6.158 loading class org/gradle/authentication/http/HttpHeaderAuthentication done


Dynamic libraries:
0x00007ff6d3d10000 - 0x00007ff6d3d47000 	D:\java\jdk\bin\java.exe
0x00007ff86a850000 - 0x00007ff86aa44000 	C:\Windows\SYSTEM32\ntdll.dll
0x00007ff8694d0000 - 0x00007ff86958d000 	C:\Windows\System32\KERNEL32.DLL
0x00007ff868360000 - 0x00007ff868627000 	C:\Windows\System32\KERNELBASE.dll
0x00007ff869a80000 - 0x00007ff869b2a000 	C:\Windows\System32\ADVAPI32.dll
0x00007ff86a0d0000 - 0x00007ff86a16e000 	C:\Windows\System32\msvcrt.dll
0x00007ff86a770000 - 0x00007ff86a80b000 	C:\Windows\System32\sechost.dll
0x00007ff869590000 - 0x00007ff8696b3000 	C:\Windows\System32\RPCRT4.dll
0x00007ff869860000 - 0x00007ff869a00000 	C:\Windows\System32\USER32.dll
0x00007ff868780000 - 0x00007ff8687a2000 	C:\Windows\System32\win32u.dll
0x00007ff869830000 - 0x00007ff86985a000 	C:\Windows\System32\GDI32.dll
0x00007ff8687b0000 - 0x00007ff8688b9000 	C:\Windows\System32\gdi32full.dll
0x00007ff868630000 - 0x00007ff8686cd000 	C:\Windows\System32\msvcp_win.dll
0x00007ff867ff0000 - 0x00007ff8680f0000 	C:\Windows\System32\ucrtbase.dll
0x00007ff853330000 - 0x00007ff8535ca000 	C:\Windows\WinSxS\amd64_microsoft.windows.common-controls_6595b64144ccf1df_6.0.19041.1_none_b555e41d4684ddec\COMCTL32.dll
0x00007ff86a740000 - 0x00007ff86a770000 	C:\Windows\System32\IMM32.DLL
0x0000000077090000 - 0x0000000077162000 	D:\java\jdk\jre\bin\msvcr100.dll
0x0000000075e60000 - 0x0000000076705000 	D:\java\jdk\jre\bin\server\jvm.dll
0x00007ff869a00000 - 0x00007ff869a08000 	C:\Windows\System32\PSAPI.DLL
0x00007ff855fc0000 - 0x00007ff855fe7000 	C:\Windows\SYSTEM32\WINMM.dll
0x00007ff867b40000 - 0x00007ff867b4a000 	C:\Windows\SYSTEM32\VERSION.dll
0x00007ff863f70000 - 0x00007ff863f79000 	C:\Windows\SYSTEM32\WSOCK32.dll
0x00007ff869a10000 - 0x00007ff869a7b000 	C:\Windows\System32\WS2_32.dll
0x00007ff862180000 - 0x00007ff86218f000 	D:\java\jdk\jre\bin\verify.dll
0x00007ff853e90000 - 0x00007ff853eb9000 	D:\java\jdk\jre\bin\java.dll
0x00007ff8557d0000 - 0x00007ff8557e6000 	D:\java\jdk\jre\bin\zip.dll
0x00007ff8688c0000 - 0x00007ff868ff1000 	C:\Windows\System32\SHELL32.dll
0x00007ff8660c0000 - 0x00007ff86684a000 	C:\Windows\SYSTEM32\windows.storage.dll
0x00007ff869000000 - 0x00007ff869354000 	C:\Windows\System32\combase.dll
0x00007ff8679b0000 - 0x00007ff8679db000 	C:\Windows\SYSTEM32\Wldp.dll
0x00007ff8693c0000 - 0x00007ff86946e000 	C:\Windows\System32\SHCORE.dll
0x00007ff869770000 - 0x00007ff8697c5000 	C:\Windows\System32\shlwapi.dll
0x00007ff867ee0000 - 0x00007ff867eff000 	C:\Windows\SYSTEM32\profapi.dll
0x00007ff855260000 - 0x00007ff85527a000 	D:\java\jdk\jre\bin\net.dll
0x00007ff8569e0000 - 0x00007ff856bcd000 	C:\Windows\SYSTEM32\urlmon.dll
0x00007ff857980000 - 0x00007ff857c2e000 	C:\Windows\SYSTEM32\iertutil.dll
0x00007ff867730000 - 0x00007ff86779a000 	C:\Windows\system32\mswsock.dll
0x00007ff8523c0000 - 0x00007ff8523d2000 	D:\java\jdk\jre\bin\nio.dll
0x00007ff858690000 - 0x00007ff8586b6000 	C:\Users\Administrator\.gradle\native\31\windows-amd64\native-platform.dll
0x00007ff862100000 - 0x00007ff86210d000 	D:\java\jdk\jre\bin\management.dll
0x00007ff867900000 - 0x00007ff867918000 	C:\Windows\SYSTEM32\CRYPTSP.dll
0x00007ff867050000 - 0x00007ff867084000 	C:\Windows\system32\rsaenh.dll
0x00007ff8682d0000 - 0x00007ff8682f7000 	C:\Windows\System32\bcrypt.dll
0x00007ff867e60000 - 0x00007ff867e8e000 	C:\Windows\SYSTEM32\USERENV.dll
0x00007ff8680f0000 - 0x00007ff86816f000 	C:\Windows\System32\bcryptprimitives.dll
0x00007ff867920000 - 0x00007ff86792c000 	C:\Windows\SYSTEM32\CRYPTBASE.dll
0x00007ff8673d0000 - 0x00007ff86740b000 	C:\Windows\SYSTEM32\IPHLPAPI.DLL
0x00007ff86a730000 - 0x00007ff86a739000 	C:\Windows\System32\NSI.dll
0x00007ff860060000 - 0x00007ff860077000 	C:\Windows\SYSTEM32\dhcpcsvc6.DLL
0x00007ff85ffb0000 - 0x00007ff85ffcd000 	C:\Windows\SYSTEM32\dhcpcsvc.DLL
0x00007ff867410000 - 0x00007ff8674da000 	C:\Windows\SYSTEM32\DNSAPI.dll

VM Arguments:
jvm_args: -Xmx1536m -Dfile.encoding=GBK -Duser.country=CN -Duser.language=zh -Duser.variant 
java_command: org.gradle.launcher.daemon.bootstrap.GradleDaemon 6.1.1
java_class_path (initial): C:\Users\Administrator\.gradle\wrapper\dists\gradle-6.1.1-all\cfmwm155h49vnt3hynmlrsdst\gradle-6.1.1\lib\gradle-launcher-6.1.1.jar
Launcher Type: SUN_STANDARD

Environment Variables:
JAVA_HOME=D:\java\jdk
CLASSPATH=.;D:\java\jdk\lib\dt.jar;D:\java\jdk\lib\tools.jar;
PATH=D:\java\jdk\bin;D:\java\jdk\jre\bin;C:\Windows\system32;C:\Windows;C:\Windows\System32\Wbem;C:\Windows\System32\WindowsPowerShell\v1.0\;C:\Windows\System32\OpenSSH\;D:\Program Files\Git\cmd;D:\mysql-5.7.24-winx64\bin;;C:\Program Files (x86)\NVIDIA Corporation\PhysX\Common;C:\Program Files\NVIDIA Corporation\NVIDIA NvDLISR;C:\Users\Administrator\AppData\Local\Microsoft\WindowsApps;C:\Users\Administrator\AppData\Local\GitHubDesktop\bin
USERNAME=Administrator
OS=Windows_NT
PROCESSOR_IDENTIFIER=Intel64 Family 6 Model 158 Stepping 9, GenuineIntel



---------------  S Y S T E M  ---------------

OS: Windows 10.0 , 64 bit Build 19041 (10.0.19041.207)

CPU:total 8 (initial active 8) (4 cores per cpu, 2 threads per core) family 6 model 158 stepping 9, cmov, cx8, fxsr, mmx, sse, sse2, sse3, ssse3, sse4.1, sse4.2, popcnt, avx, avx2, aes, clmul, erms, 3dnowpref, lzcnt, ht, tsc, tscinvbit, bmi1, bmi2, adx

Memory: 4k page, physical 8270792k(417160k free), swap 23821252k(4120k free)

vm_info: Java HotSpot(TM) 64-Bit Server VM (25.212-b10) for windows-amd64 JRE (1.8.0_212-b10), built on Apr  1 2019 22:50:23 by "java_re" with MS VC++ 10.0 (VS2010)

time: Wed Apr 21 14:28:38 2021
timezone: 中国标准时间
elapsed time: 6 seconds (0d 0h 0m 6s)

