#
# There is insufficient memory for the Java Runtime Environment to continue.
# Native memory allocation (malloc) failed to allocate 655216 bytes for Chunk::new
# Possible reasons:
#   The system is out of physical RAM or swap space
#   The process is running with CompressedOops enabled, and the Java Heap may be blocking the growth of the native heap
# Possible solutions:
#   Reduce memory load on the system
#   Increase physical memory or swap space
#   Check if swap backing store is full
#   Decrease Java heap size (-Xmx/-Xms)
#   Decrease number of Java threads
#   Decrease Java thread stack sizes (-Xss)
#   Set larger code cache with -XX:ReservedCodeCacheSize=
#   JVM is running with Unscaled Compressed Oops mode in which the Java heap is
#     placed in the first 4GB address space. The Java Heap base address is the
#     maximum limit for the native heap growth. Please use -XX:HeapBaseMinAddress
#     to set the Java Heap base and to place the Java Heap above 4GB virtual address.
# This output file may be truncated or incomplete.
#
#  Out of Memory Error (allocation.cpp:389), pid=6928, tid=0x0000000000003b8c
#
# JRE version: Java(TM) SE Runtime Environment (8.0_212-b10) (build 1.8.0_212-b10)
# Java VM: Java HotSpot(TM) 64-Bit Server VM (25.212-b10 mixed mode windows-amd64 compressed oops)
# Failed to write core dump. Minidumps are not enabled by default on client versions of Windows
#

---------------  T H R E A D  ---------------

Current thread (0x0000000016f5b000):  JavaThread "C2 CompilerThread2" daemon [_thread_in_native, id=15244, stack(0x0000000019720000,0x0000000019820000)]

Stack: [0x0000000019720000,0x0000000019820000]
[error occurred during error reporting (printing stack bounds), id 0xc0000005]

Native frames: (J=compiled Java code, j=interpreted, Vv=VM code, C=native code)


Current CompileTask:
C2:1080149 20038   !   4       org.gradle.api.internal.attributes.DefaultImmutableAttributesFactory::doConcatIsolatable (146 bytes)


---------------  P R O C E S S  ---------------

Java Threads: ( => current thread )
  0x000000001a1ed000 JavaThread "Build operations Thread 8" [_thread_blocked, id=23980, stack(0x0000000027d30000,0x0000000027e30000)]
  0x000000001a1eb800 JavaThread "Build operations Thread 7" [_thread_blocked, id=22464, stack(0x0000000027030000,0x0000000027130000)]
  0x000000001a1ea000 JavaThread "Build operations Thread 6" [_thread_blocked, id=25124, stack(0x0000000026f30000,0x0000000027030000)]
  0x000000001a1ee800 JavaThread "Build operations Thread 5" [_thread_blocked, id=28752, stack(0x0000000026e30000,0x0000000026f30000)]
  0x000000001a1ec000 JavaThread "Build operations Thread 4" [_thread_blocked, id=20456, stack(0x0000000026a30000,0x0000000026b30000)]
  0x000000001a1ed800 JavaThread "Build operations Thread 3" [_thread_blocked, id=24320, stack(0x0000000026630000,0x0000000026730000)]
  0x000000001a1ea800 JavaThread "Build operations Thread 2" [_thread_blocked, id=15776, stack(0x0000000026530000,0x0000000026630000)]
  0x000000001a1e9000 JavaThread "Build operations" [_thread_blocked, id=29136, stack(0x0000000026430000,0x0000000026530000)]
  0x000000001e94c800 JavaThread "Cache worker for Build Output Cleanup Cache (D:\Android\workspace\ShouJieDemo\.gradle\buildOutputCleanup)" [_thread_blocked, id=30232, stack(0x0000000022f20000,0x0000000023020000)]
  0x000000001e94b800 JavaThread "Cache worker for cache directory md-rule (C:\Users\Administrator\.gradle\caches\6.1.1\md-rule)" [_thread_blocked, id=15856, stack(0x0000000022980000,0x0000000022a80000)]
  0x000000001e941800 JavaThread "Cache worker for cache directory md-supplier (C:\Users\Administrator\.gradle\caches\6.1.1\md-supplier)" [_thread_blocked, id=3536, stack(0x0000000020d30000,0x0000000020e30000)]
  0x000000001e948800 JavaThread "Cache worker for file hash cache (D:\Android\workspace\ShouJieDemo\.gradle\6.1.1\fileHashes)" [_thread_blocked, id=23556, stack(0x0000000020c30000,0x0000000020d30000)]
  0x000000001e947000 JavaThread "Cache worker for checksums cache (D:\Android\workspace\ShouJieDemo\.gradle\checksums)" [_thread_blocked, id=31248, stack(0x000000001d070000,0x000000001d170000)]
  0x000000001e946000 JavaThread "Thread-51" [_thread_blocked, id=30420, stack(0x000000001cf70000,0x000000001d070000)]
  0x000000001e945800 JavaThread "Asynchronous log dispatcher for DefaultDaemonConnection: socket connection from /127.0.0.1:57983 to /127.0.0.1:58188" [_thread_blocked, id=25400, stack(0x000000001cd70000,0x000000001ce70000)]
  0x000000001e93e000 JavaThread "Daemon worker Thread 2" [_thread_in_vm, id=31688, stack(0x000000001cc70000,0x000000001cd70000)]
  0x000000001e93d000 JavaThread "Cancel handler" [_thread_blocked, id=20584, stack(0x000000001c970000,0x000000001ca70000)]
  0x000000001e944000 JavaThread "Handler for socket connection from /127.0.0.1:57983 to /127.0.0.1:58188" [_thread_in_native, id=23820, stack(0x000000001c870000,0x000000001c970000)]
  0x000000001e942800 JavaThread "Daemon Thread 2" [_thread_blocked, id=26464, stack(0x0000000000dd0000,0x0000000000ed0000)]
  0x000000001a1f3800 JavaThread "Cache worker for Java compile cache (C:\Users\Administrator\.gradle\caches\6.1.1\javaCompile)" [_thread_blocked, id=30108, stack(0x0000000026d30000,0x0000000026e30000)]
  0x000000001a1f0000 JavaThread "Cache worker for file content cache (C:\Users\Administrator\.gradle\caches\6.1.1\fileContent)" [_thread_blocked, id=17920, stack(0x0000000025930000,0x0000000025a30000)]
  0x000000001a1ef000 JavaThread "Memory manager" [_thread_blocked, id=27636, stack(0x0000000025410000,0x0000000025510000)]
  0x000000001a086800 JavaThread "Cache worker for execution history cache (C:\Users\Administrator\.gradle\caches\6.1.1\executionHistory)" [_thread_blocked, id=18776, stack(0x00000000210b0000,0x00000000211b0000)]
  0x000000001a086000 JavaThread "Cache worker for file hash cache (C:\Users\Administrator\.gradle\caches\6.1.1\fileHashes)" [_thread_blocked, id=28316, stack(0x000000001d570000,0x000000001d670000)]
  0x000000001a082000 JavaThread "File lock request listener" [_thread_in_native, id=4176, stack(0x000000001d470000,0x000000001d570000)]
  0x000000001a081800 JavaThread "Cache worker for journal cache (C:\Users\Administrator\.gradle\caches\journal-1)" [_thread_blocked, id=6492, stack(0x000000001d370000,0x000000001d470000)]
  0x000000001b720800 JavaThread "Daemon periodic checks" [_thread_blocked, id=9812, stack(0x000000001c770000,0x000000001c870000)]
  0x000000001b70a000 JavaThread "Incoming local TCP Connector on port 57983" [_thread_in_native, id=30868, stack(0x000000001c5c0000,0x000000001c6c0000)]
  0x000000001b65d800 JavaThread "Daemon health stats" [_thread_blocked, id=23700, stack(0x000000001c2c0000,0x000000001c3c0000)]
  0x0000000018e54800 JavaThread "Service Thread" daemon [_thread_blocked, id=20268, stack(0x0000000019920000,0x0000000019a20000)]
  0x0000000018dbf000 JavaThread "C1 CompilerThread3" daemon [_thread_blocked, id=22032, stack(0x0000000019820000,0x0000000019920000)]
=>0x0000000016f5b000 JavaThread "C2 CompilerThread2" daemon [_thread_in_native, id=15244, stack(0x0000000019720000,0x0000000019820000)]
  0x0000000018db4800 JavaThread "C2 CompilerThread1" daemon [_thread_in_native, id=31132, stack(0x0000000019620000,0x0000000019720000)]
  0x0000000018db2800 JavaThread "C2 CompilerThread0" daemon [_thread_in_native, id=17376, stack(0x0000000019520000,0x0000000019620000)]
  0x0000000018d48000 JavaThread "Attach Listener" daemon [_thread_blocked, id=27044, stack(0x0000000019420000,0x0000000019520000)]
  0x0000000018d5d800 JavaThread "Signal Dispatcher" daemon [_thread_blocked, id=9032, stack(0x0000000019320000,0x0000000019420000)]
  0x000000000318c800 JavaThread "Finalizer" daemon [_thread_blocked, id=15348, stack(0x0000000019220000,0x0000000019320000)]
  0x0000000018d40800 JavaThread "Reference Handler" daemon [_thread_blocked, id=2468, stack(0x0000000019120000,0x0000000019220000)]
  0x0000000002f8d800 JavaThread "main" [_thread_blocked, id=27076, stack(0x0000000002f90000,0x0000000003090000)]

Other Threads:
  0x0000000016f48800 VMThread [stack: 0x0000000018c20000,0x0000000018d20000] [id=7484]
  0x0000000018e66000 WatcherThread [stack: 0x0000000019a20000,0x0000000019b20000] [id=22964]

VM state:not at safepoint (normal execution)

VM Mutex/Monitor currently owned by a thread: None

heap address: 0x00000000a0000000, size: 1536 MB, Compressed Oops mode: 32-bit
Narrow klass base: 0x0000000000000000, Narrow klass shift: 3
Compressed class space size: 1073741824 Address: 0x0000000100000000

Heap:
 PSYoungGen      total 377856K, used 241268K [0x00000000e0000000, 0x00000000fc580000, 0x0000000100000000)
  eden space 312832K, 76% used [0x00000000e0000000,0x00000000eeb35148,0x00000000f3180000)
  from space 65024K, 0% used [0x00000000f8600000,0x00000000f8668000,0x00000000fc580000)
  to   space 75776K, 0% used [0x00000000f3180000,0x00000000f3180000,0x00000000f7b80000)
 ParOldGen       total 238592K, used 168371K [0x00000000a0000000, 0x00000000ae900000, 0x00000000e0000000)
  object space 238592K, 70% used [0x00000000a0000000,0x00000000aa46cd90,0x00000000ae900000)
 Metaspace       used 119422K, capacity 124830K, committed 125056K, reserved 1163264K
  class space    used 15842K, capacity 16951K, committed 17024K, reserved 1048576K

Card table byte_map: [0x0000000012550000,0x0000000012860000] byte_map_base: 0x0000000012050000

Marking Bits: (ParMarkBitMap*) 0x0000000076685ce0
 Begin Bits: [0x0000000013260000, 0x0000000014a60000)
 End Bits:   [0x0000000014a60000, 0x0000000016260000)

Polling page: 0x00000000012f0000

CodeCache: size=245760Kb used=55833Kb max_used=55833Kb free=189926Kb
 bounds [0x0000000003190000, 0x0000000006860000, 0x0000000012190000]
 total_blobs=16913 nmethods=15976 adapters=846
 compilation: enabled

Compilation events (10 events):
Event: 1080.058 Thread 0x0000000018dbf000 20082       1       com.android.build.gradle.internal.scope.GlobalScope::getProject (5 bytes)
Event: 1080.058 Thread 0x0000000018dbf000 nmethod 20082 0x00000000068530d0 code [0x0000000006853220, 0x0000000006853330]
Event: 1080.058 Thread 0x0000000018dbf000 20084       1       java.util.Collections$EmptySet::contains (2 bytes)
Event: 1080.058 Thread 0x0000000018dbf000 nmethod 20084 0x0000000006853390 code [0x00000000068534e0, 0x00000000068535f0]
Event: 1080.072 Thread 0x0000000018dbf000 20086       3       org.gradle.api.internal.project.DefaultProject::getConfigurations (30 bytes)
Event: 1080.075 Thread 0x0000000018dbf000 nmethod 20086 0x0000000006853650 code [0x0000000006853800, 0x0000000006853fe8]
Event: 1080.075 Thread 0x0000000018dbf000 20087       3       kotlin.collections.CollectionsKt___CollectionsKt::last (80 bytes)
Event: 1080.078 Thread 0x0000000018dbf000 nmethod 20087 0x0000000006854250 code [0x0000000006854460, 0x0000000006854e58]
Event: 1080.078 Thread 0x0000000018dbf000 20088       3       kotlin.text.StringsKt__StringsJVMKt::capitalize (158 bytes)
Event: 1080.082 Thread 0x0000000018dbf000 nmethod 20088 0x0000000006855150 code [0x0000000006855440, 0x0000000006856878]

GC Heap History (10 events):
Event: 65.840 GC heap before
{Heap before GC invocations=24 (full 4):
 PSYoungGen      total 270336K, used 248487K [0x00000000e0000000, 0x00000000f7c00000, 0x0000000100000000)
  eden space 215040K, 100% used [0x00000000e0000000,0x00000000ed200000,0x00000000ed200000)
  from space 55296K, 60% used [0x00000000ed200000,0x00000000ef2a9f30,0x00000000f0800000)
  to   space 56320K, 0% used [0x00000000f4500000,0x00000000f4500000,0x00000000f7c00000)
 ParOldGen       total 238592K, used 82539K [0x00000000a0000000, 0x00000000ae900000, 0x00000000e0000000)
  object space 238592K, 34% used [0x00000000a0000000,0x00000000a509ae20,0x00000000ae900000)
 Metaspace       used 87608K, capacity 91548K, committed 91776K, reserved 1128448K
  class space    used 11890K, capacity 12649K, committed 12672K, reserved 1048576K
Event: 66.044 GC heap after
Heap after GC invocations=24 (full 4):
 PSYoungGen      total 308736K, used 56314K [0x00000000e0000000, 0x00000000fab80000, 0x0000000100000000)
  eden space 252416K, 0% used [0x00000000e0000000,0x00000000e0000000,0x00000000ef680000)
  from space 56320K, 99% used [0x00000000f4500000,0x00000000f7bfe9d8,0x00000000f7c00000)
  to   space 80384K, 0% used [0x00000000ef680000,0x00000000ef680000,0x00000000f4500000)
 ParOldGen       total 238592K, used 124265K [0x00000000a0000000, 0x00000000ae900000, 0x00000000e0000000)
  object space 238592K, 52% used [0x00000000a0000000,0x00000000a795a448,0x00000000ae900000)
 Metaspace       used 87608K, capacity 91548K, committed 91776K, reserved 1128448K
  class space    used 11890K, capacity 12649K, committed 12672K, reserved 1048576K
}
Event: 71.870 GC heap before
{Heap before GC invocations=25 (full 4):
 PSYoungGen      total 308736K, used 308724K [0x00000000e0000000, 0x00000000fab80000, 0x0000000100000000)
  eden space 252416K, 99% used [0x00000000e0000000,0x00000000ef67e800,0x00000000ef680000)
  from space 56320K, 99% used [0x00000000f4500000,0x00000000f7bfe9d8,0x00000000f7c00000)
  to   space 80384K, 0% used [0x00000000ef680000,0x00000000ef680000,0x00000000f4500000)
 ParOldGen       total 238592K, used 124265K [0x00000000a0000000, 0x00000000ae900000, 0x00000000e0000000)
  object space 238592K, 52% used [0x00000000a0000000,0x00000000a795a448,0x00000000ae900000)
 Metaspace       used 91172K, capacity 95242K, committed 95360K, reserved 1132544K
  class space    used 12333K, capacity 13146K, committed 13184K, reserved 1048576K
Event: 71.910 GC heap after
Heap after GC invocations=25 (full 4):
 PSYoungGen      total 332800K, used 7220K [0x00000000e0000000, 0x00000000fd400000, 0x0000000100000000)
  eden space 252416K, 0% used [0x00000000e0000000,0x00000000e0000000,0x00000000ef680000)
  from space 80384K, 8% used [0x00000000ef680000,0x00000000efd8d090,0x00000000f4500000)
  to   space 79872K, 0% used [0x00000000f8600000,0x00000000f8600000,0x00000000fd400000)
 ParOldGen       total 238592K, used 152630K [0x00000000a0000000, 0x00000000ae900000, 0x00000000e0000000)
  object space 238592K, 63% used [0x00000000a0000000,0x00000000a950d930,0x00000000ae900000)
 Metaspace       used 91172K, capacity 95242K, committed 95360K, reserved 1132544K
  class space    used 12333K, capacity 13146K, committed 13184K, reserved 1048576K
}
Event: 1006.449 GC heap before
{Heap before GC invocations=26 (full 4):
 PSYoungGen      total 332800K, used 259636K [0x00000000e0000000, 0x00000000fd400000, 0x0000000100000000)
  eden space 252416K, 100% used [0x00000000e0000000,0x00000000ef680000,0x00000000ef680000)
  from space 80384K, 8% used [0x00000000ef680000,0x00000000efd8d090,0x00000000f4500000)
  to   space 79872K, 0% used [0x00000000f8600000,0x00000000f8600000,0x00000000fd400000)
 ParOldGen       total 238592K, used 152630K [0x00000000a0000000, 0x00000000ae900000, 0x00000000e0000000)
  object space 238592K, 63% used [0x00000000a0000000,0x00000000a950d930,0x00000000ae900000)
 Metaspace       used 105661K, capacity 110520K, committed 110720K, reserved 1144832K
  class space    used 13988K, capacity 14923K, committed 14976K, reserved 1048576K
Event: 1007.082 GC heap after
Heap after GC invocations=26 (full 4):
 PSYoungGen      total 377856K, used 31290K [0x00000000e0000000, 0x00000000fc580000, 0x0000000100000000)
  eden space 312832K, 0% used [0x00000000e0000000,0x00000000e0000000,0x00000000f3180000)
  from space 65024K, 48% used [0x00000000f8600000,0x00000000fa48e868,0x00000000fc580000)
  to   space 75776K, 0% used [0x00000000f3180000,0x00000000f3180000,0x00000000f7b80000)
 ParOldGen       total 238592K, used 155892K [0x00000000a0000000, 0x00000000ae900000, 0x00000000e0000000)
  object space 238592K, 65% used [0x00000000a0000000,0x00000000a983d1a8,0x00000000ae900000)
 Metaspace       used 105661K, capacity 110520K, committed 110720K, reserved 1144832K
  class space    used 13988K, capacity 14923K, committed 14976K, reserved 1048576K
}
Event: 1060.619 GC heap before
{Heap before GC invocations=27 (full 4):
 PSYoungGen      total 377856K, used 344122K [0x00000000e0000000, 0x00000000fc580000, 0x0000000100000000)
  eden space 312832K, 100% used [0x00000000e0000000,0x00000000f3180000,0x00000000f3180000)
  from space 65024K, 48% used [0x00000000f8600000,0x00000000fa48e868,0x00000000fc580000)
  to   space 75776K, 0% used [0x00000000f3180000,0x00000000f3180000,0x00000000f7b80000)
 ParOldGen       total 238592K, used 155892K [0x00000000a0000000, 0x00000000ae900000, 0x00000000e0000000)
  object space 238592K, 65% used [0x00000000a0000000,0x00000000a983d1a8,0x00000000ae900000)
 Metaspace       used 105876K, capacity 110812K, committed 110976K, reserved 1144832K
  class space    used 13992K, capacity 14929K, committed 14976K, reserved 1048576K
Event: 1060.685 GC heap after
Heap after GC invocations=27 (full 4):
 PSYoungGen      total 388608K, used 448K [0x00000000e0000000, 0x00000000fc580000, 0x0000000100000000)
  eden space 312832K, 0% used [0x00000000e0000000,0x00000000e0000000,0x00000000f3180000)
  from space 75776K, 0% used [0x00000000f3180000,0x00000000f31f0000,0x00000000f7b80000)
  to   space 65024K, 0% used [0x00000000f8600000,0x00000000f8600000,0x00000000fc580000)
 ParOldGen       total 238592K, used 168139K [0x00000000a0000000, 0x00000000ae900000, 0x00000000e0000000)
  object space 238592K, 70% used [0x00000000a0000000,0x00000000aa432d90,0x00000000ae900000)
 Metaspace       used 105876K, capacity 110812K, committed 110976K, reserved 1144832K
  class space    used 13992K, capacity 14929K, committed 14976K, reserved 1048576K
}
Event: 1073.622 GC heap before
{Heap before GC invocations=28 (full 4):
 PSYoungGen      total 388608K, used 313280K [0x00000000e0000000, 0x00000000fc580000, 0x0000000100000000)
  eden space 312832K, 100% used [0x00000000e0000000,0x00000000f3180000,0x00000000f3180000)
  from space 75776K, 0% used [0x00000000f3180000,0x00000000f31f0000,0x00000000f7b80000)
  to   space 65024K, 0% used [0x00000000f8600000,0x00000000f8600000,0x00000000fc580000)
 ParOldGen       total 238592K, used 168139K [0x00000000a0000000, 0x00000000ae900000, 0x00000000e0000000)
  object space 238592K, 70% used [0x00000000a0000000,0x00000000aa432d90,0x00000000ae900000)
 Metaspace       used 105923K, capacity 110812K, committed 110976K, reserved 1144832K
  class space    used 13997K, capacity 14929K, committed 14976K, reserved 1048576K
Event: 1073.626 GC heap after
Heap after GC invocations=28 (full 4):
 PSYoungGen      total 377856K, used 416K [0x00000000e0000000, 0x00000000fc580000, 0x0000000100000000)
  eden space 312832K, 0% used [0x00000000e0000000,0x00000000e0000000,0x00000000f3180000)
  from space 65024K, 0% used [0x00000000f8600000,0x00000000f8668000,0x00000000fc580000)
  to   space 75776K, 0% used [0x00000000f3180000,0x00000000f3180000,0x00000000f7b80000)
 ParOldGen       total 238592K, used 168371K [0x00000000a0000000, 0x00000000ae900000, 0x00000000e0000000)
  object space 238592K, 70% used [0x00000000a0000000,0x00000000aa46cd90,0x00000000ae900000)
 Metaspace       used 105923K, capacity 110812K, committed 110976K, reserved 1144832K
  class space    used 13997K, capacity 14929K, committed 14976K, reserved 1048576K
}

Deoptimization events (10 events):
Event: 1078.094 Thread 0x000000001e93e000 Uncommon trap: reason=unstable_if action=reinterpret pc=0x000000000335d7dc method=java.lang.String.replace(CC)Ljava/lang/String; @ 2
Event: 1078.098 Thread 0x000000001e93e000 Uncommon trap: reason=unstable_if action=reinterpret pc=0x000000000615b7a4 method=groovy.lang.MetaClassImpl$1MOPIter.methodNameAction(Ljava/lang/Class;Lorg/codehaus/groovy/runtime/metaclass/MetaMethodIndex$Entry;)V @ 182
Event: 1078.417 Thread 0x000000001e93e000 Uncommon trap: reason=bimorphic action=maybe_recompile pc=0x00000000048624b4 method=com.google.common.cache.LocalCache$Segment.lockedGetOrLoad(Ljava/lang/Object;ILcom/google/common/cache/CacheLoader;)Ljava/lang/Object; @ 79
Event: 1078.420 Thread 0x000000001e93e000 Uncommon trap: reason=bimorphic action=maybe_recompile pc=0x00000000048624b4 method=com.google.common.cache.LocalCache$Segment.lockedGetOrLoad(Ljava/lang/Object;ILcom/google/common/cache/CacheLoader;)Ljava/lang/Object; @ 79
Event: 1078.441 Thread 0x000000001e93e000 Uncommon trap: reason=bimorphic action=maybe_recompile pc=0x00000000048624b4 method=com.google.common.cache.LocalCache$Segment.lockedGetOrLoad(Ljava/lang/Object;ILcom/google/common/cache/CacheLoader;)Ljava/lang/Object; @ 79
Event: 1078.739 Thread 0x000000001e93e000 Uncommon trap: reason=array_check action=maybe_recompile pc=0x00000000057efa30 method=java.util.ComparableTimSort.reverseRange([Ljava/lang/Object;II)V @ 27
Event: 1078.739 Thread 0x000000001e93e000 Uncommon trap: reason=array_check action=maybe_recompile pc=0x00000000057efa30 method=java.util.ComparableTimSort.reverseRange([Ljava/lang/Object;II)V @ 27
Event: 1078.988 Thread 0x000000001e93e000 Uncommon trap: reason=unstable_if action=reinterpret pc=0x0000000004dba0b4 method=java.util.EnumMap$EnumMapIterator.hasNext()Z @ 27
Event: 1080.052 Thread 0x000000001e93e000 Uncommon trap: reason=unstable_if action=reinterpret pc=0x0000000006797560 method=kotlin.text.StringsKt__StringsKt.indexOf(Ljava/lang/CharSequence;Ljava/lang/String;IZ)I @ 15
Event: 1080.052 Thread 0x000000001e93e000 Uncommon trap: reason=unstable_if action=reinterpret pc=0x00000000055bec20 method=java.lang.String.regionMatches(ZILjava/lang/String;II)Z @ 58

Classes redefined (0 events):
No events

Internal exceptions (10 events):
Event: 1079.748 Thread 0x000000001e93e000 Exception <a 'java/lang/ClassNotFoundException': com/android/build/gradle/internal/api/ApkVariantOutputImpl_DecoratedBeanInfo> (0x00000000ee0235d0) thrown at [C:\re\workspace\8-2-build-windows-amd64-cygwin\jdk8u212\12974\hotspot\src\share\vm\classfile\sys
Event: 1079.749 Thread 0x000000001e93e000 Exception <a 'java/lang/ClassNotFoundException': com/android/build/gradle/internal/api/ApkVariantOutputImplBeanInfo> (0x00000000ee042b20) thrown at [C:\re\workspace\8-2-build-windows-amd64-cygwin\jdk8u212\12974\hotspot\src\share\vm\classfile\systemDiction
Event: 1079.749 Thread 0x000000001e93e000 Exception <a 'java/lang/ClassNotFoundException': com/android/build/gradle/internal/api/BaseVariantOutputImplBeanInfo> (0x00000000ee0635a0) thrown at [C:\re\workspace\8-2-build-windows-amd64-cygwin\jdk8u212\12974\hotspot\src\share\vm\classfile\systemDictio
Event: 1079.750 Thread 0x000000001e93e000 Exception <a 'java/lang/ClassNotFoundException': com/android/build/gradle/internal/api/BaseVariantOutputImplCustomizer> (0x00000000ee0846b0) thrown at [C:\re\workspace\8-2-build-windows-amd64-cygwin\jdk8u212\12974\hotspot\src\share\vm\classfile\systemDict
Event: 1079.753 Thread 0x000000001e93e000 Exception <a 'java/lang/ClassNotFoundException': com/android/build/gradle/internal/api/ApkVariantOutputImplCustomizer> (0x00000000ee0bf320) thrown at [C:\re\workspace\8-2-build-windows-amd64-cygwin\jdk8u212\12974\hotspot\src\share\vm\classfile\systemDicti
Event: 1079.760 Thread 0x000000001e93e000 Exception <a 'java/lang/ClassNotFoundException': com/android/build/gradle/internal/api/ApkVariantOutputImpl_DecoratedCustomizer> (0x00000000ee0f59e8) thrown at [C:\re\workspace\8-2-build-windows-amd64-cygwin\jdk8u212\12974\hotspot\src\share\vm\classfile\s
Event: 1079.824 Thread 0x000000001e93e000 Exception <a 'java/lang/ClassNotFoundException': com/android/build/gradle/internal/api/ReadOnlyBuildTypeBeanInfo> (0x00000000ee277f80) thrown at [C:\re\workspace\8-2-build-windows-amd64-cygwin\jdk8u212\12974\hotspot\src\share\vm\classfile\systemDictionary
Event: 1079.824 Thread 0x000000001e93e000 Exception <a 'java/lang/ClassNotFoundException': com/android/build/gradle/internal/api/ReadOnlyBaseConfigBeanInfo> (0x00000000ee298268) thrown at [C:\re\workspace\8-2-build-windows-amd64-cygwin\jdk8u212\12974\hotspot\src\share\vm\classfile\systemDictionar
Event: 1079.825 Thread 0x000000001e93e000 Exception <a 'java/lang/ClassNotFoundException': com/android/build/gradle/internal/api/ReadOnlyBaseConfigCustomizer> (0x00000000ee2b86c8) thrown at [C:\re\workspace\8-2-build-windows-amd64-cygwin\jdk8u212\12974\hotspot\src\share\vm\classfile\systemDiction
Event: 1079.825 Thread 0x000000001e93e000 Exception <a 'java/lang/ClassNotFoundException': com/android/build/gradle/internal/api/ReadOnlyBuildTypeCustomizer> (0x00000000ee2ed4f0) thrown at [C:\re\workspace\8-2-build-windows-amd64-cygwin\jdk8u212\12974\hotspot\src\share\vm\classfile\systemDictiona

Events (10 events):
Event: 1080.057 loading class org/jetbrains/kotlin/gradle/internal/Kapt3KotlinGradleSubpluginKt
Event: 1080.057 loading class org/jetbrains/kotlin/gradle/internal/Kapt3KotlinGradleSubpluginKt done
Event: 1080.078 loading class org/jetbrains/kotlin/gradle/plugin/KotlinPluginWrapperKt$getKotlinPluginVersion$1
Event: 1080.078 loading class org/jetbrains/kotlin/gradle/plugin/KotlinPluginWrapperKt$getKotlinPluginVersion$1 done
Event: 1080.082 loading class org/jetbrains/kotlin/gradle/plugin/mpp/KotlinAndroidTarget$checkPublishLibraryVariantsExist$getLibraryVariantNames$1$1
Event: 1080.082 loading class org/jetbrains/kotlin/gradle/plugin/mpp/KotlinAndroidTarget$checkPublishLibraryVariantsExist$getLibraryVariantNames$1$1 done
Event: 1080.086 loading class com/android/build/gradle/api/LibraryVariant
Event: 1080.086 loading class com/android/build/gradle/api/LibraryVariant done
Event: 1080.092 loading class org/jetbrains/kotlin/gradle/plugin/mpp/KotlinAndroidTarget$doCreateComponents$publishableVariants$1$1
Event: 1080.092 loading class org/jetbrains/kotlin/gradle/plugin/mpp/KotlinAndroidTarget$doCreateComponents$publishableVariants$1$1 done


Dynamic libraries:
0x00007ff651d60000 - 0x00007ff651d97000 	D:\java\jdk\bin\java.exe
0x00007ff86a850000 - 0x00007ff86aa44000 	C:\Windows\SYSTEM32\ntdll.dll
0x00007ff8694d0000 - 0x00007ff86958d000 	C:\Windows\System32\KERNEL32.DLL
0x00007ff868360000 - 0x00007ff868627000 	C:\Windows\System32\KERNELBASE.dll
0x00007ff869a80000 - 0x00007ff869b2a000 	C:\Windows\System32\ADVAPI32.dll
0x00007ff86a0d0000 - 0x00007ff86a16e000 	C:\Windows\System32\msvcrt.dll
0x00007ff86a770000 - 0x00007ff86a80b000 	C:\Windows\System32\sechost.dll
0x00007ff869590000 - 0x00007ff8696b3000 	C:\Windows\System32\RPCRT4.dll
0x00007ff869860000 - 0x00007ff869a00000 	C:\Windows\System32\USER32.dll
0x00007ff868780000 - 0x00007ff8687a2000 	C:\Windows\System32\win32u.dll
0x00007ff869830000 - 0x00007ff86985a000 	C:\Windows\System32\GDI32.dll
0x00007ff8687b0000 - 0x00007ff8688b9000 	C:\Windows\System32\gdi32full.dll
0x00007ff868630000 - 0x00007ff8686cd000 	C:\Windows\System32\msvcp_win.dll
0x00007ff867ff0000 - 0x00007ff8680f0000 	C:\Windows\System32\ucrtbase.dll
0x00007ff853330000 - 0x00007ff8535ca000 	C:\Windows\WinSxS\amd64_microsoft.windows.common-controls_6595b64144ccf1df_6.0.19041.1_none_b555e41d4684ddec\COMCTL32.dll
0x00007ff86a740000 - 0x00007ff86a770000 	C:\Windows\System32\IMM32.DLL
0x0000000077090000 - 0x0000000077162000 	D:\java\jdk\jre\bin\msvcr100.dll
0x0000000075e60000 - 0x0000000076705000 	D:\java\jdk\jre\bin\server\jvm.dll
0x00007ff869a00000 - 0x00007ff869a08000 	C:\Windows\System32\PSAPI.DLL
0x00007ff863f30000 - 0x00007ff863f39000 	C:\Windows\SYSTEM32\WSOCK32.dll
0x00007ff867b40000 - 0x00007ff867b4a000 	C:\Windows\SYSTEM32\VERSION.dll
0x00007ff869a10000 - 0x00007ff869a7b000 	C:\Windows\System32\WS2_32.dll
0x00007ff855fc0000 - 0x00007ff855fe7000 	C:\Windows\SYSTEM32\WINMM.dll
0x00007ff862110000 - 0x00007ff86211f000 	D:\java\jdk\jre\bin\verify.dll
0x00007ff858690000 - 0x00007ff8586b9000 	D:\java\jdk\jre\bin\java.dll
0x00007ff85c780000 - 0x00007ff85c796000 	D:\java\jdk\jre\bin\zip.dll
0x00007ff8688c0000 - 0x00007ff868ff1000 	C:\Windows\System32\SHELL32.dll
0x00007ff8660c0000 - 0x00007ff86684a000 	C:\Windows\SYSTEM32\windows.storage.dll
0x00007ff869000000 - 0x00007ff869354000 	C:\Windows\System32\combase.dll
0x00007ff8679b0000 - 0x00007ff8679db000 	C:\Windows\SYSTEM32\Wldp.dll
0x00007ff8693c0000 - 0x00007ff86946e000 	C:\Windows\System32\SHCORE.dll
0x00007ff869770000 - 0x00007ff8697c5000 	C:\Windows\System32\shlwapi.dll
0x00007ff867ee0000 - 0x00007ff867eff000 	C:\Windows\SYSTEM32\profapi.dll
0x00007ff858c10000 - 0x00007ff858c2a000 	D:\java\jdk\jre\bin\net.dll
0x00007ff8569e0000 - 0x00007ff856bcd000 	C:\Windows\SYSTEM32\urlmon.dll
0x00007ff857980000 - 0x00007ff857c2e000 	C:\Windows\SYSTEM32\iertutil.dll
0x00007ff867730000 - 0x00007ff86779a000 	C:\Windows\system32\mswsock.dll
0x00007ff858670000 - 0x00007ff858682000 	D:\java\jdk\jre\bin\nio.dll
0x00007ff861080000 - 0x00007ff8610a6000 	C:\Users\Administrator\.gradle\native\31\windows-amd64\native-platform.dll
0x00007ff862100000 - 0x00007ff86210d000 	D:\java\jdk\jre\bin\management.dll
0x00007ff867900000 - 0x00007ff867918000 	C:\Windows\SYSTEM32\CRYPTSP.dll
0x00007ff867050000 - 0x00007ff867084000 	C:\Windows\system32\rsaenh.dll
0x00007ff8682d0000 - 0x00007ff8682f7000 	C:\Windows\System32\bcrypt.dll
0x00007ff867e60000 - 0x00007ff867e8e000 	C:\Windows\SYSTEM32\USERENV.dll
0x00007ff8680f0000 - 0x00007ff86816f000 	C:\Windows\System32\bcryptprimitives.dll
0x00007ff867920000 - 0x00007ff86792c000 	C:\Windows\SYSTEM32\CRYPTBASE.dll
0x00007ff8673d0000 - 0x00007ff86740b000 	C:\Windows\SYSTEM32\IPHLPAPI.DLL
0x00007ff86a730000 - 0x00007ff86a739000 	C:\Windows\System32\NSI.dll
0x00007ff860060000 - 0x00007ff860077000 	C:\Windows\SYSTEM32\dhcpcsvc6.DLL
0x00007ff85ffb0000 - 0x00007ff85ffcd000 	C:\Windows\SYSTEM32\dhcpcsvc.DLL
0x00007ff867410000 - 0x00007ff8674da000 	C:\Windows\SYSTEM32\DNSAPI.dll
0x0000000066e00000 - 0x0000000066f03000 	C:\Users\Administrator\AppData\Local\Temp\sqlite-3.25.2-9d4ec53d-c966-4f61-b5f3-d1214293c675-sqlitejdbc.dll
0x00007ff855360000 - 0x00007ff855384000 	D:\java\jdk\jre\bin\sunec.dll
0x00007ff85ef30000 - 0x00007ff85ef3a000 	C:\Windows\System32\rasadhlp.dll
0x00007ff858d00000 - 0x00007ff858d7f000 	C:\Windows\System32\fwpuclnt.dll
0x00007ff8627f0000 - 0x00007ff8627fb000 	D:\java\jdk\jre\bin\sunmscapi.dll
0x00007ff868170000 - 0x00007ff8682cd000 	C:\Windows\System32\CRYPT32.dll

VM Arguments:
jvm_args: -Xmx1536m -Dfile.encoding=GBK -Duser.country=CN -Duser.language=zh -Duser.variant 
java_command: org.gradle.launcher.daemon.bootstrap.GradleDaemon 6.1.1
java_class_path (initial): C:\Users\Administrator\.gradle\wrapper\dists\gradle-6.1.1-all\cfmwm155h49vnt3hynmlrsdst\gradle-6.1.1\lib\gradle-launcher-6.1.1.jar
Launcher Type: SUN_STANDARD

Environment Variables:
JAVA_HOME=D:\java\jdk
CLASSPATH=.;D:\java\jdk\lib\dt.jar;D:\java\jdk\lib\tools.jar;
PATH=D:\java\jdk\bin;D:\java\jdk\jre\bin;C:\Windows\system32;C:\Windows;C:\Windows\System32\Wbem;C:\Windows\System32\WindowsPowerShell\v1.0\;C:\Windows\System32\OpenSSH\;D:\Program Files\Git\cmd;D:\mysql-5.7.24-winx64\bin;;C:\Program Files (x86)\NVIDIA Corporation\PhysX\Common;C:\Program Files\NVIDIA Corporation\NVIDIA NvDLISR;C:\Users\Administrator\AppData\Local\Microsoft\WindowsApps;C:\Users\Administrator\AppData\Local\GitHubDesktop\bin
USERNAME=Administrator
OS=Windows_NT
PROCESSOR_IDENTIFIER=Intel64 Family 6 Model 158 Stepping 9, GenuineIntel



---------------  S Y S T E M  ---------------

OS: Windows 10.0 , 64 bit Build 19041 (10.0.19041.207)

CPU:total 8 (initial active 8) (4 cores per cpu, 2 threads per core) family 6 model 158 stepping 9, cmov, cx8, fxsr, mmx, sse, sse2, sse3, ssse3, sse4.1, sse4.2, popcnt, avx, avx2, aes, clmul, erms, 3dnowpref, lzcnt, ht, tsc, tscinvbit, bmi1, bmi2, adx

Memory: 4k page, physical 8270792k(293740k free), swap 23821252k(2816k free)

vm_info: Java HotSpot(TM) 64-Bit Server VM (25.212-b10) for windows-amd64 JRE (1.8.0_212-b10), built on Apr  1 2019 22:50:23 by "java_re" with MS VC++ 10.0 (VS2010)

time: Wed Apr 21 14:18:55 2021
timezone: 中国标准时间
elapsed time: 1080 seconds (0d 0h 18m 0s)

